0 info it worked if it ends with ok
1 verbose cli [ 'node', '/usr/local/bin/npm', 'install', '-g', 'bower' ]
2 info using npm@1.2.10
3 info using node@v0.8.19
4 verbose read json /usr/local/lib/package.json
5 verbose read json /usr/local/lib/package.json
6 verbose cache add [ 'bower', null ]
7 verbose cache add name=undefined spec="bower" args=["bower",null]
8 verbose parsed url { pathname: 'bower', path: 'bower', href: 'bower' }
9 silly lockFile 206e3ce5-bower bower
10 verbose lock bower /Users/aayushiyer/.npm/206e3ce5-bower.lock
11 silly lockFile 206e3ce5-bower bower
12 silly lockFile 206e3ce5-bower bower
13 verbose addNamed [ 'bower', '' ]
14 verbose addNamed [ null, '' ]
15 silly lockFile 1240aab1-bower bower@
16 verbose lock bower@ /Users/aayushiyer/.npm/1240aab1-bower.lock
17 silly addNameRange { name: 'bower', range: '', hasData: false }
18 verbose url raw bower
19 verbose url resolving [ 'https://registry.npmjs.org/', './bower' ]
20 verbose url resolved https://registry.npmjs.org/bower
21 info trying registry request attempt 1 at 16:09:30
22 http GET https://registry.npmjs.org/bower
23 http 200 https://registry.npmjs.org/bower
24 silly registry.get cb [ 200,
24 silly registry.get   { vary: 'Accept',
24 silly registry.get     server: 'CouchDB/1.3.0 (Erlang OTP/R15B03)',
24 silly registry.get     etag: '"C9B94VX23J5BJGVL8K80N0156"',
24 silly registry.get     date: 'Mon, 24 Jun 2013 22:09:31 GMT',
24 silly registry.get     'content-type': 'application/json',
24 silly registry.get     'content-length': '421861' } ]
25 silly addNameRange number 2 { name: 'bower', range: '', hasData: true }
26 silly addNameRange versions [ 'bower',
26 silly addNameRange   [ '0.1.0',
26 silly addNameRange     '0.1.2',
26 silly addNameRange     '0.1.3',
26 silly addNameRange     '0.2.0',
26 silly addNameRange     '0.3.0',
26 silly addNameRange     '0.3.1',
26 silly addNameRange     '0.3.2',
26 silly addNameRange     '0.4.0',
26 silly addNameRange     '0.5.0',
26 silly addNameRange     '0.5.1',
26 silly addNameRange     '0.6.0',
26 silly addNameRange     '0.6.1',
26 silly addNameRange     '0.6.2',
26 silly addNameRange     '0.6.3',
26 silly addNameRange     '0.6.4',
26 silly addNameRange     '0.6.5',
26 silly addNameRange     '0.6.6',
26 silly addNameRange     '0.6.7',
26 silly addNameRange     '0.6.8',
26 silly addNameRange     '0.7.0',
26 silly addNameRange     '0.7.1',
26 silly addNameRange     '0.8.0',
26 silly addNameRange     '0.8.1',
26 silly addNameRange     '0.8.2',
26 silly addNameRange     '0.8.3',
26 silly addNameRange     '0.8.4',
26 silly addNameRange     '0.8.5',
26 silly addNameRange     '0.8.6',
26 silly addNameRange     '0.9.0',
26 silly addNameRange     '0.9.1',
26 silly addNameRange     '0.9.2' ] ]
27 verbose addNamed [ 'bower', '0.9.2' ]
28 verbose addNamed [ '0.9.2', '0.9.2' ]
29 silly lockFile 890d62ee-bower-0-9-2 bower@0.9.2
30 verbose lock bower@0.9.2 /Users/aayushiyer/.npm/890d62ee-bower-0-9-2.lock
31 silly lockFile c146e148--npmjs-org-bower-bower-0-9-2-tgz https://registry.npmjs.org/bower/-/bower-0.9.2.tgz
32 verbose lock https://registry.npmjs.org/bower/-/bower-0.9.2.tgz /Users/aayushiyer/.npm/c146e148--npmjs-org-bower-bower-0-9-2-tgz.lock
33 verbose addRemoteTarball [ 'https://registry.npmjs.org/bower/-/bower-0.9.2.tgz',
33 verbose addRemoteTarball   'cafc6209502ca558b110fe6f30465143a469b7f3' ]
34 info retry fetch attempt 1 at 16:09:31
35 verbose fetch to= /var/folders/l1/zh96wcc558sflzg5l67w1gm40000gn/T/npm-10863/1372111771645-0.9376401393674314/tmp.tgz
36 http GET https://registry.npmjs.org/bower/-/bower-0.9.2.tgz
37 http 200 https://registry.npmjs.org/bower/-/bower-0.9.2.tgz
38 silly shasum updated bytes 40960
39 silly shasum updated bytes 40960
40 silly shasum updated bytes 40960
41 silly shasum updated bytes 40960
42 silly shasum updated bytes 13324
43 info shasum cafc6209502ca558b110fe6f30465143a469b7f3
43 info shasum /var/folders/l1/zh96wcc558sflzg5l67w1gm40000gn/T/npm-10863/1372111771645-0.9376401393674314/tmp.tgz
44 verbose tar unpack /var/folders/l1/zh96wcc558sflzg5l67w1gm40000gn/T/npm-10863/1372111771645-0.9376401393674314/tmp.tgz
45 silly lockFile b492a2f8-71645-0-9376401393674314-package /var/folders/l1/zh96wcc558sflzg5l67w1gm40000gn/T/npm-10863/1372111771645-0.9376401393674314/package
46 verbose lock /var/folders/l1/zh96wcc558sflzg5l67w1gm40000gn/T/npm-10863/1372111771645-0.9376401393674314/package /Users/aayushiyer/.npm/b492a2f8-71645-0-9376401393674314-package.lock
47 silly lockFile ac06aca5-71645-0-9376401393674314-tmp-tgz /var/folders/l1/zh96wcc558sflzg5l67w1gm40000gn/T/npm-10863/1372111771645-0.9376401393674314/tmp.tgz
48 verbose lock /var/folders/l1/zh96wcc558sflzg5l67w1gm40000gn/T/npm-10863/1372111771645-0.9376401393674314/tmp.tgz /Users/aayushiyer/.npm/ac06aca5-71645-0-9376401393674314-tmp-tgz.lock
49 silly gunzTarPerm modes [ '755', '644' ]
50 silly gunzTarPerm extractEntry package.json
51 silly gunzTarPerm extractEntry .npmignore
52 silly gunzTarPerm extractEntry README.md
53 silly gunzTarPerm extractEntry LICENSE
54 silly gunzTarPerm extractEntry lib/index.js
55 silly gunzTarPerm extractEntry lib/commands/cache-clean.js
56 silly gunzTarPerm extractEntry lib/commands/index.js
57 silly gunzTarPerm extractEntry lib/commands/info.js
58 silly gunzTarPerm extractEntry lib/commands/init.js
59 silly gunzTarPerm extractEntry lib/commands/install.js
60 silly gunzTarPerm extractEntry lib/commands/help.js
61 silly gunzTarPerm extractEntry lib/commands/list.js
62 silly gunzTarPerm extractEntry lib/commands/lookup.js
63 silly gunzTarPerm extractEntry lib/commands/register.js
64 silly gunzTarPerm extractEntry lib/commands/search.js
65 silly gunzTarPerm extractEntry lib/commands/uninstall.js
66 silly gunzTarPerm extractEntry lib/commands/completion.js
67 silly gunzTarPerm extractEntry lib/commands/update.js
68 silly gunzTarPerm extractEntry lib/commands/link.js
69 silly gunzTarPerm extractEntry lib/core/config.js
70 silly gunzTarPerm extractEntry lib/core/manager.js
71 silly gunzTarPerm extractEntry lib/core/package.js
72 silly gunzTarPerm extractEntry lib/core/source.js
73 silly gunzTarPerm extractEntry lib/core/unit_work.js
74 silly gunzTarPerm extractEntry lib/util/completion.js
75 silly gunzTarPerm extractEntry lib/util/file-exists.js
76 silly gunzTarPerm extractEntry lib/util/git-cmd.js
77 silly gunzTarPerm extractEntry lib/util/hogan-colors.js
78 silly gunzTarPerm extractEntry lib/util/fallback.js
79 silly gunzTarPerm extractEntry lib/util/prune.js
80 silly gunzTarPerm extractEntry lib/util/read-json.js
81 silly gunzTarPerm extractEntry lib/util/save.js
82 silly gunzTarPerm extractEntry lib/util/spawn.js
83 silly gunzTarPerm extractEntry lib/util/template.js
84 silly gunzTarPerm extractEntry lib/util/is-repo.js
85 silly gunzTarPerm extractEntry CONTRIBUTING.md
86 silly gunzTarPerm extractEntry .jshintrc
87 silly gunzTarPerm extractEntry .travis.yml
88 silly gunzTarPerm extractEntry Makefile
89 silly gunzTarPerm extractEntry bin/bower
90 silly gunzTarPerm extractEntry CHANGELOG.md
91 silly gunzTarPerm extractEntry templates/help-uninstall.mustache
92 silly gunzTarPerm extractEntry templates/action.mustache
93 silly gunzTarPerm extractEntry templates/completion.mustache
94 silly gunzTarPerm extractEntry templates/conflict.mustache
95 silly gunzTarPerm extractEntry templates/error-summary.mustache
96 silly gunzTarPerm extractEntry templates/error.mustache
97 silly gunzTarPerm extractEntry templates/help-cache-clean.mustache
98 silly gunzTarPerm extractEntry templates/help-completion.mustache
99 silly gunzTarPerm extractEntry templates/help-info.mustache
100 silly gunzTarPerm extractEntry templates/help-init.mustache
101 silly gunzTarPerm extractEntry templates/help-install.mustache
102 silly gunzTarPerm extractEntry templates/help-link.mustache
103 silly gunzTarPerm extractEntry templates/help-list.mustache
104 silly gunzTarPerm extractEntry templates/help-lookup.mustache
105 silly gunzTarPerm extractEntry templates/help-register.mustache
106 silly gunzTarPerm extractEntry templates/help-search.mustache
107 silly gunzTarPerm extractEntry templates/complete.mustache
108 silly gunzTarPerm extractEntry templates/help-update.mustache
109 silly gunzTarPerm extractEntry templates/help.mustache
110 silly gunzTarPerm extractEntry templates/info.mustache
111 silly gunzTarPerm extractEntry templates/link.mustache
112 silly gunzTarPerm extractEntry templates/lookup.mustache
113 silly gunzTarPerm extractEntry templates/register.mustache
114 silly gunzTarPerm extractEntry templates/resolved-conflict.mustache
115 silly gunzTarPerm extractEntry templates/search-empty.mustache
116 silly gunzTarPerm extractEntry templates/search.mustache
117 silly gunzTarPerm extractEntry templates/suggestions.mustache
118 silly gunzTarPerm extractEntry templates/tree-branch.mustache
119 silly gunzTarPerm extractEntry templates/update-notice.mustache
120 silly gunzTarPerm extractEntry templates/warn.mustache
121 silly gunzTarPerm extractEntry templates/warning-mismatch.mustache
122 silly gunzTarPerm extractEntry templates/warning-missing.mustache
123 silly gunzTarPerm extractEntry templates/warning-uninstall.mustache
124 silly gunzTarPerm extractEntry test/abbreviations.js
125 silly gunzTarPerm extractEntry test/cache-clean.js
126 silly gunzTarPerm extractEntry test/completion.js
127 silly gunzTarPerm extractEntry test/help.js
128 silly gunzTarPerm extractEntry test/bin.js
129 silly gunzTarPerm extractEntry test/package.js
130 silly gunzTarPerm extractEntry test/install.js
131 silly gunzTarPerm extractEntry test/list.js
132 silly gunzTarPerm extractEntry test/lookup.js
133 silly gunzTarPerm extractEntry test/manager.js
134 silly gunzTarPerm extractEntry test/info.js
135 silly gunzTarPerm extractEntry test/search.js
136 silly gunzTarPerm extractEntry test/init.js
137 silly gunzTarPerm extractEntry test/assets/package-new/index.js
138 silly gunzTarPerm extractEntry test/assets/package-bootstrap/index.js
139 silly gunzTarPerm extractEntry test/assets/package-bootstrap/bower.json
140 silly gunzTarPerm extractEntry test/assets/package-complex-a1/bower.json
141 silly gunzTarPerm extractEntry test/assets/package-complex-a2/bower.json
142 silly gunzTarPerm extractEntry test/assets/package-complex-b/bower.json
143 silly gunzTarPerm extractEntry test/assets/package-complex-b1/bower.json
144 silly gunzTarPerm extractEntry test/assets/package-complex-c/bower.json
145 silly gunzTarPerm extractEntry test/assets/package-deps-on-jquery/bower.json
146 silly gunzTarPerm extractEntry test/assets/package-deps-on-jquery-old/bower.json
147 silly gunzTarPerm extractEntry test/assets/package-dev-dep/bower.json
148 silly gunzTarPerm extractEntry test/assets/package-empty-rc/.bowerrc
149 silly gunzTarPerm extractEntry test/assets/package-empty-rc/bower.json
150 silly gunzTarPerm extractEntry test/assets/package-empty-rc/foocomponent.json
151 silly gunzTarPerm extractEntry test/assets/package-existing-json/bower.json
152 silly gunzTarPerm extractEntry test/assets/package-ignorables/index.js
153 silly gunzTarPerm extractEntry test/assets/package-ignorables/.casey
154 silly gunzTarPerm extractEntry test/assets/package-ignorables/.hide/turtle-location.mdown
155 silly gunzTarPerm extractEntry test/assets/package-ignorables/bower.json
156 silly gunzTarPerm extractEntry test/assets/package-ignorables/config/.jshintrc
157 silly gunzTarPerm extractEntry test/assets/package-ignorables/don.txt
158 silly gunzTarPerm extractEntry test/assets/package-ignorables/leo.txt
159 silly gunzTarPerm extractEntry test/assets/package-ignorables/lib/april.txt
160 silly gunzTarPerm extractEntry test/assets/package-ignorables/names.txt
161 silly gunzTarPerm extractEntry test/assets/package-ignorables/test/shredder.js
162 silly gunzTarPerm extractEntry test/assets/package-ignorables/test/splinter.js
163 silly gunzTarPerm extractEntry test/assets/package-invalid-json/index.js
164 silly gunzTarPerm extractEntry test/assets/package-invalid-json/bower.json
165 silly gunzTarPerm extractEntry test/assets/package-jquery/foo.js
166 silly gunzTarPerm extractEntry test/assets/package-jquery/index.js
167 silly gunzTarPerm extractEntry test/assets/package-jquery/bower.json
168 silly gunzTarPerm extractEntry test/assets/package-jquery-copy/index.js
169 silly gunzTarPerm extractEntry test/assets/package-jquery-copy/bower.json
170 silly gunzTarPerm extractEntry test/assets/package-complex-a/bower.json
171 silly gunzTarPerm extractEntry test/assets/package-no-json/index.js
172 silly gunzTarPerm extractEntry test/assets/package-nonstandard-json/.bowerrc
173 silly gunzTarPerm extractEntry test/assets/package-nonstandard-json/foocomponent.json
174 silly gunzTarPerm extractEntry test/assets/package-nonstandard-json-copy/foocomponent.json
175 silly gunzTarPerm extractEntry test/assets/package-repo/README.md
176 silly gunzTarPerm extractEntry test/assets/package-repo/LICENSE
177 silly gunzTarPerm extractEntry test/assets/package-repo/spark-md5.js
178 silly gunzTarPerm extractEntry test/assets/package-repo/spark-md5.min.js
179 silly gunzTarPerm extractEntry test/assets/package-repo/.jshintrc
180 silly gunzTarPerm extractEntry test/assets/package-repo/git_repo/logs/HEAD
181 silly gunzTarPerm extractEntry test/assets/package-repo/git_repo/logs/refs/heads/master
182 silly gunzTarPerm extractEntry test/assets/package-repo/git_repo/logs/refs/remotes/origin/HEAD
183 silly gunzTarPerm extractEntry test/assets/package-repo/git_repo/logs/refs/remotes/origin/master
184 silly gunzTarPerm extractEntry test/assets/package-repo/git_repo/config
185 silly gunzTarPerm extractEntry test/assets/package-repo/git_repo/FETCH_HEAD
186 silly gunzTarPerm extractEntry test/assets/package-repo/git_repo/HEAD
187 silly gunzTarPerm extractEntry test/assets/package-repo/git_repo/hooks/applypatch-msg.sample
188 silly gunzTarPerm extractEntry test/assets/package-repo/git_repo/hooks/commit-msg.sample
189 silly gunzTarPerm extractEntry test/assets/package-repo/git_repo/hooks/post-commit.sample
190 silly gunzTarPerm extractEntry test/assets/package-repo/git_repo/hooks/post-receive.sample
191 silly gunzTarPerm extractEntry test/assets/package-repo/git_repo/hooks/post-update.sample
192 silly gunzTarPerm extractEntry test/assets/package-repo/git_repo/hooks/pre-applypatch.sample
193 silly gunzTarPerm extractEntry test/assets/package-repo/git_repo/hooks/pre-commit.sample
194 silly gunzTarPerm extractEntry test/assets/package-repo/git_repo/hooks/pre-rebase.sample
195 silly gunzTarPerm extractEntry test/assets/package-repo/git_repo/hooks/prepare-commit-msg.sample
196 silly gunzTarPerm extractEntry test/assets/package-repo/git_repo/hooks/update.sample
197 silly gunzTarPerm extractEntry test/assets/package-repo/git_repo/index
198 silly gunzTarPerm extractEntry test/assets/package-repo/git_repo/info/exclude
199 silly gunzTarPerm extractEntry test/assets/package-repo/git_repo/description
200 silly gunzTarPerm extractEntry test/assets/package-repo/git_repo/objects/8e/353e91e31d9d1e155e12bc29ca14af0afcbe06
201 silly gunzTarPerm extractEntry test/assets/package-repo/git_repo/objects/01/df57df1726b7a1a07e981c1ce316436a381e35
202 silly gunzTarPerm extractEntry test/assets/package-repo/git_repo/objects/14/42d7b7f77a570522883398e544ee78fdb1a30a
203 silly gunzTarPerm extractEntry test/assets/package-repo/git_repo/objects/1d/91729839ff499a8ace40628f65fafe9acfd043
204 silly gunzTarPerm extractEntry test/assets/package-repo/git_repo/objects/1d/cd807701aafabafb6cff8313b8becea7908a61
205 silly gunzTarPerm extractEntry test/assets/package-repo/git_repo/objects/20/42506f6dd1e6baed04bba341891dc3b7781a70
206 silly gunzTarPerm extractEntry test/assets/package-repo/git_repo/objects/32/3c26e45c06f688d1b00ee04a53ddafaf066d5e
207 silly gunzTarPerm extractEntry test/assets/package-repo/git_repo/objects/3f/84fca5dba20dfbff011c1ec87952892e7829b3
208 silly gunzTarPerm extractEntry test/assets/package-repo/git_repo/objects/48/7a6ae84da8e4a1ee95cf59c7df8ea436fabf4c
209 silly gunzTarPerm extractEntry test/assets/package-repo/git_repo/objects/4e/576c52cb630491ebcf62a77f5e81077c3be57e
210 silly gunzTarPerm extractEntry test/assets/package-repo/git_repo/objects/52/8f8e1553e2b03aee7ab6eb9216b3ed89061784
211 silly gunzTarPerm extractEntry test/assets/package-repo/git_repo/objects/68/9c63b3432aaece15106f8b2162619f982ec370
212 silly gunzTarPerm extractEntry test/assets/package-repo/git_repo/objects/69/bc69fdce113f9c1566aec1392bcc79d10d454b
213 silly gunzTarPerm extractEntry test/assets/package-repo/git_repo/objects/6c/1354ad5764e71a3bf30650013f0f0e9a897450
214 silly gunzTarPerm extractEntry test/assets/package-repo/git_repo/objects/75/7a3f84cfbf1fc94ce0c67d2f016690eb495bb5
215 silly gunzTarPerm extractEntry test/assets/package-repo/git_repo/objects/7a/0419da6bb16bbccf5e07f9bcd1754108ed9d1a
216 silly gunzTarPerm extractEntry test/assets/package-repo/git_repo/objects/80/95211f85d5038d6f2ee248a134cf7e7d28e123
217 silly gunzTarPerm extractEntry test/assets/package-repo/git_repo/objects/83/0e1eb1a47c76ecfd3c1df4ab1485dc8188cf3c
218 silly gunzTarPerm extractEntry test/assets/package-repo/git_repo/objects/88/259581b83fd9081b94deebf2a7632590f09f83
219 silly gunzTarPerm extractEntry test/assets/package-repo/git_repo/objects/8c/ffccc175240ac0346bd2171a0d25d7c6a88c5f
220 silly gunzTarPerm extractEntry test/assets/package-repo/git_repo/objects/0d/af124cc7163788c501f382461e45bd1de8e7ab
221 silly gunzTarPerm extractEntry test/assets/package-repo/git_repo/objects/90/ed234fb0708235a733bcae0e5b90bd4fac5321
222 silly gunzTarPerm extractEntry test/assets/package-repo/git_repo/objects/92/afeeb69adc7fd744bb4d6556dc3d7204cb71fa
223 silly gunzTarPerm extractEntry test/assets/package-repo/git_repo/objects/97/17b8c32f1c6acfbe3db68df8856a6630e4772d
224 silly gunzTarPerm extractEntry test/assets/package-repo/git_repo/objects/9c/7fa0117320c0c8b3f7d760143bad93c6e34b9d
225 silly gunzTarPerm extractEntry test/assets/package-repo/git_repo/objects/9e/1ea691c15d1fcbd4df08a43381e52c6b4b8f83
226 silly gunzTarPerm extractEntry test/assets/package-repo/git_repo/objects/a2/1a15efe0034e57f1455f55ca1cd7805e25adfd
227 silly gunzTarPerm extractEntry test/assets/package-repo/git_repo/objects/aa/77627e06564ada85565b7fee02d9c28047f35a
228 silly gunzTarPerm extractEntry test/assets/package-repo/git_repo/objects/bb/01907369ff7accc18d6ec5b17d231f4217ac2d
229 silly gunzTarPerm extractEntry test/assets/package-repo/git_repo/objects/be/9b0e2ca43b223ab14df61b868e95cb412c6faa
230 silly gunzTarPerm extractEntry test/assets/package-repo/git_repo/objects/bf/7794b69000bbaa6598c3f67cc70c6a51d6ca3d
231 silly gunzTarPerm extractEntry test/assets/package-repo/git_repo/objects/ca/dd0beb4df19711eb9ce432608504cc21beebf3
232 silly gunzTarPerm extractEntry test/assets/package-repo/git_repo/objects/d3/e127498b258d1827d03aa8980fc8db868352ad
233 silly gunzTarPerm extractEntry test/assets/package-repo/git_repo/objects/d7/bb417d109af63c5bcbd7f7484ddfa66f38af13
234 silly gunzTarPerm extractEntry test/assets/package-repo/git_repo/objects/ec/b67101368c505a6c23f1a1966d13c6aa66483f
235 silly gunzTarPerm extractEntry test/assets/package-repo/git_repo/objects/ee/947ec6a8a56f6c57d3fb48d10f8c104c66f4ce
236 silly gunzTarPerm extractEntry test/assets/package-repo/git_repo/objects/f2/4e11fa324ac703273a03f54c3d60d840e69e24
237 silly gunzTarPerm extractEntry test/assets/package-repo/git_repo/objects/f9/260e4e30eb5e9f7d08751c6348e90b505f8af0
238 silly gunzTarPerm extractEntry test/assets/package-repo/git_repo/objects/f9/3f2fb92626ffd5bb9a17b5e2b2642f2c70c014
239 silly gunzTarPerm extractEntry test/assets/package-repo/git_repo/objects/fb/18250b19f479c46a49a393a8f8f932ed083b55
240 silly gunzTarPerm extractEntry test/assets/package-repo/git_repo/objects/pack/pack-af6aba8bdcf0fc9c7b4a690e6e2976ed7bbb8521.idx
241 silly gunzTarPerm extractEntry test/assets/package-repo/git_repo/objects/pack/pack-af6aba8bdcf0fc9c7b4a690e6e2976ed7bbb8521.pack
242 silly gunzTarPerm extractEntry test/assets/package-repo/git_repo/ORIG_HEAD
243 silly gunzTarPerm extractEntry test/assets/package-repo/git_repo/packed-refs
244 silly gunzTarPerm extractEntry test/assets/package-repo/git_repo/refs/heads/master
245 silly gunzTarPerm extractEntry test/assets/package-repo/git_repo/refs/remotes/origin/HEAD
246 silly gunzTarPerm extractEntry test/assets/package-repo/git_repo/refs/remotes/origin/master
247 silly gunzTarPerm extractEntry test/assets/package-repo/git_repo/refs/tags/0.0.1
248 silly gunzTarPerm extractEntry test/assets/package-repo/git_repo/refs/tags/0.0.2
249 silly gunzTarPerm extractEntry test/assets/package-repo/git_repo/tortoisegit.data
250 silly gunzTarPerm extractEntry test/assets/package-repo/git_repo/tortoisegit.index
251 silly gunzTarPerm extractEntry test/assets/package-repo/test/file_reader.html
252 silly gunzTarPerm extractEntry test/assets/package-repo/test/index.html
253 silly gunzTarPerm extractEntry test/assets/package-zip-folder.zip
254 silly gunzTarPerm extractEntry test/assets/package-zip.zip
255 silly gunzTarPerm extractEntry test/assets/project/.npmignore
256 silly gunzTarPerm extractEntry test/assets/project/bower.json
257 silly gunzTarPerm extractEntry test/assets/project-complex-nest/bower.json
258 silly gunzTarPerm extractEntry test/assets/project-dev-deps/bower.json
259 silly gunzTarPerm extractEntry test/assets/project-nested/bower.json
260 silly gunzTarPerm extractEntry test/assets/project-nested-conflict/bower.json
261 silly gunzTarPerm extractEntry test/assets/project-new-deps/.npmignore
262 silly gunzTarPerm extractEntry test/assets/project-new-deps/bower.json
263 silly gunzTarPerm extractEntry test/assets/project-nonstandard-json/foocomponent.json
264 silly gunzTarPerm extractEntry test/assets/project-old/component.json
265 silly gunzTarPerm extractEntry test/assets/project-static/bower.json
266 silly gunzTarPerm extractEntry test/assets/sprockets/.npmignore
267 silly gunzTarPerm extractEntry test/assets/sprockets/assets/application.js
268 silly gunzTarPerm extractEntry test/assets/sprockets/bower.json
269 silly gunzTarPerm extractEntry test/assets/sprockets/Rakefile
270 verbose read json /var/folders/l1/zh96wcc558sflzg5l67w1gm40000gn/T/npm-10863/1372111771645-0.9376401393674314/package/package.json
271 silly lockFile b492a2f8-71645-0-9376401393674314-package /var/folders/l1/zh96wcc558sflzg5l67w1gm40000gn/T/npm-10863/1372111771645-0.9376401393674314/package
272 silly lockFile b492a2f8-71645-0-9376401393674314-package /var/folders/l1/zh96wcc558sflzg5l67w1gm40000gn/T/npm-10863/1372111771645-0.9376401393674314/package
273 silly lockFile ac06aca5-71645-0-9376401393674314-tmp-tgz /var/folders/l1/zh96wcc558sflzg5l67w1gm40000gn/T/npm-10863/1372111771645-0.9376401393674314/tmp.tgz
274 silly lockFile ac06aca5-71645-0-9376401393674314-tmp-tgz /var/folders/l1/zh96wcc558sflzg5l67w1gm40000gn/T/npm-10863/1372111771645-0.9376401393674314/tmp.tgz
275 verbose from cache /var/folders/l1/zh96wcc558sflzg5l67w1gm40000gn/T/npm-10863/1372111771645-0.9376401393674314/package/package.json
276 verbose tar pack [ '/Users/aayushiyer/.npm/bower/0.9.2/package.tgz',
276 verbose tar pack   '/var/folders/l1/zh96wcc558sflzg5l67w1gm40000gn/T/npm-10863/1372111771645-0.9376401393674314/package' ]
277 verbose tarball /Users/aayushiyer/.npm/bower/0.9.2/package.tgz
278 verbose folder /var/folders/l1/zh96wcc558sflzg5l67w1gm40000gn/T/npm-10863/1372111771645-0.9376401393674314/package
279 silly lockFile b492a2f8-71645-0-9376401393674314-package /var/folders/l1/zh96wcc558sflzg5l67w1gm40000gn/T/npm-10863/1372111771645-0.9376401393674314/package
280 verbose lock /var/folders/l1/zh96wcc558sflzg5l67w1gm40000gn/T/npm-10863/1372111771645-0.9376401393674314/package /Users/aayushiyer/.npm/b492a2f8-71645-0-9376401393674314-package.lock
281 silly lockFile d4201c69-iyer-npm-bower-0-9-2-package-tgz /Users/aayushiyer/.npm/bower/0.9.2/package.tgz
282 verbose lock /Users/aayushiyer/.npm/bower/0.9.2/package.tgz /Users/aayushiyer/.npm/d4201c69-iyer-npm-bower-0-9-2-package-tgz.lock
283 silly lockFile b492a2f8-71645-0-9376401393674314-package /var/folders/l1/zh96wcc558sflzg5l67w1gm40000gn/T/npm-10863/1372111771645-0.9376401393674314/package
284 silly lockFile b492a2f8-71645-0-9376401393674314-package /var/folders/l1/zh96wcc558sflzg5l67w1gm40000gn/T/npm-10863/1372111771645-0.9376401393674314/package
285 silly lockFile d4201c69-iyer-npm-bower-0-9-2-package-tgz /Users/aayushiyer/.npm/bower/0.9.2/package.tgz
286 silly lockFile d4201c69-iyer-npm-bower-0-9-2-package-tgz /Users/aayushiyer/.npm/bower/0.9.2/package.tgz
287 silly lockFile 6b44a996-yushiyer-npm-bower-0-9-2-package /Users/aayushiyer/.npm/bower/0.9.2/package
288 verbose lock /Users/aayushiyer/.npm/bower/0.9.2/package /Users/aayushiyer/.npm/6b44a996-yushiyer-npm-bower-0-9-2-package.lock
289 silly lockFile 6b44a996-yushiyer-npm-bower-0-9-2-package /Users/aayushiyer/.npm/bower/0.9.2/package
290 silly lockFile 6b44a996-yushiyer-npm-bower-0-9-2-package /Users/aayushiyer/.npm/bower/0.9.2/package
291 verbose tar unpack /Users/aayushiyer/.npm/bower/0.9.2/package.tgz
292 silly lockFile 6b44a996-yushiyer-npm-bower-0-9-2-package /Users/aayushiyer/.npm/bower/0.9.2/package
293 verbose lock /Users/aayushiyer/.npm/bower/0.9.2/package /Users/aayushiyer/.npm/6b44a996-yushiyer-npm-bower-0-9-2-package.lock
294 silly lockFile d4201c69-iyer-npm-bower-0-9-2-package-tgz /Users/aayushiyer/.npm/bower/0.9.2/package.tgz
295 verbose lock /Users/aayushiyer/.npm/bower/0.9.2/package.tgz /Users/aayushiyer/.npm/d4201c69-iyer-npm-bower-0-9-2-package-tgz.lock
296 silly gunzTarPerm modes [ '755', '644' ]
297 silly gunzTarPerm extractEntry package.json
298 silly gunzTarPerm extractEntry .npmignore
299 silly gunzTarPerm extractEntry README.md
300 silly gunzTarPerm extractEntry LICENSE
301 silly gunzTarPerm extractEntry lib/index.js
302 silly gunzTarPerm extractEntry lib/commands/cache-clean.js
303 silly gunzTarPerm extractEntry lib/commands/index.js
304 silly gunzTarPerm extractEntry lib/commands/info.js
305 silly gunzTarPerm extractEntry lib/commands/init.js
306 silly gunzTarPerm extractEntry lib/commands/install.js
307 silly gunzTarPerm extractEntry lib/commands/help.js
308 silly gunzTarPerm extractEntry lib/commands/list.js
309 silly gunzTarPerm extractEntry lib/commands/lookup.js
310 silly gunzTarPerm extractEntry lib/commands/register.js
311 silly gunzTarPerm extractEntry lib/commands/search.js
312 silly gunzTarPerm extractEntry lib/commands/uninstall.js
313 silly gunzTarPerm extractEntry lib/commands/completion.js
314 silly gunzTarPerm extractEntry lib/commands/update.js
315 silly gunzTarPerm extractEntry lib/commands/link.js
316 silly gunzTarPerm extractEntry lib/core/config.js
317 silly gunzTarPerm extractEntry lib/core/manager.js
318 silly gunzTarPerm extractEntry lib/core/package.js
319 silly gunzTarPerm extractEntry lib/core/source.js
320 silly gunzTarPerm extractEntry lib/core/unit_work.js
321 silly gunzTarPerm extractEntry lib/util/completion.js
322 silly gunzTarPerm extractEntry lib/util/file-exists.js
323 silly gunzTarPerm extractEntry lib/util/git-cmd.js
324 silly gunzTarPerm extractEntry lib/util/hogan-colors.js
325 silly gunzTarPerm extractEntry lib/util/fallback.js
326 silly gunzTarPerm extractEntry lib/util/prune.js
327 silly gunzTarPerm extractEntry lib/util/read-json.js
328 silly gunzTarPerm extractEntry lib/util/save.js
329 silly gunzTarPerm extractEntry lib/util/spawn.js
330 silly gunzTarPerm extractEntry lib/util/template.js
331 silly gunzTarPerm extractEntry lib/util/is-repo.js
332 silly gunzTarPerm extractEntry CONTRIBUTING.md
333 silly gunzTarPerm extractEntry .jshintrc
334 silly gunzTarPerm extractEntry .travis.yml
335 silly gunzTarPerm extractEntry Makefile
336 silly gunzTarPerm extractEntry bin/bower
337 silly gunzTarPerm extractEntry CHANGELOG.md
338 silly gunzTarPerm extractEntry templates/help-uninstall.mustache
339 silly gunzTarPerm extractEntry templates/action.mustache
340 silly gunzTarPerm extractEntry templates/completion.mustache
341 silly gunzTarPerm extractEntry templates/conflict.mustache
342 silly gunzTarPerm extractEntry templates/error-summary.mustache
343 silly gunzTarPerm extractEntry templates/error.mustache
344 silly gunzTarPerm extractEntry templates/help-cache-clean.mustache
345 silly gunzTarPerm extractEntry templates/help-completion.mustache
346 silly gunzTarPerm extractEntry templates/help-info.mustache
347 silly gunzTarPerm extractEntry templates/help-init.mustache
348 silly gunzTarPerm extractEntry templates/help-install.mustache
349 silly gunzTarPerm extractEntry templates/help-link.mustache
350 silly gunzTarPerm extractEntry templates/help-list.mustache
351 silly gunzTarPerm extractEntry templates/help-lookup.mustache
352 silly gunzTarPerm extractEntry templates/help-register.mustache
353 silly gunzTarPerm extractEntry templates/help-search.mustache
354 silly gunzTarPerm extractEntry templates/complete.mustache
355 silly gunzTarPerm extractEntry templates/help-update.mustache
356 silly gunzTarPerm extractEntry templates/help.mustache
357 silly gunzTarPerm extractEntry templates/info.mustache
358 silly gunzTarPerm extractEntry templates/link.mustache
359 silly gunzTarPerm extractEntry templates/lookup.mustache
360 silly gunzTarPerm extractEntry templates/register.mustache
361 silly gunzTarPerm extractEntry templates/resolved-conflict.mustache
362 silly gunzTarPerm extractEntry templates/search-empty.mustache
363 silly gunzTarPerm extractEntry templates/search.mustache
364 silly gunzTarPerm extractEntry templates/suggestions.mustache
365 silly gunzTarPerm extractEntry templates/tree-branch.mustache
366 silly gunzTarPerm extractEntry templates/update-notice.mustache
367 silly gunzTarPerm extractEntry templates/warn.mustache
368 silly gunzTarPerm extractEntry templates/warning-mismatch.mustache
369 silly gunzTarPerm extractEntry templates/warning-missing.mustache
370 silly gunzTarPerm extractEntry templates/warning-uninstall.mustache
371 silly gunzTarPerm extractEntry test/abbreviations.js
372 silly gunzTarPerm extractEntry test/cache-clean.js
373 silly gunzTarPerm extractEntry test/completion.js
374 silly gunzTarPerm extractEntry test/help.js
375 silly gunzTarPerm extractEntry test/bin.js
376 silly gunzTarPerm extractEntry test/package.js
377 silly gunzTarPerm extractEntry test/install.js
378 silly gunzTarPerm extractEntry test/list.js
379 silly gunzTarPerm extractEntry test/lookup.js
380 silly gunzTarPerm extractEntry test/manager.js
381 silly gunzTarPerm extractEntry test/info.js
382 silly gunzTarPerm extractEntry test/search.js
383 silly gunzTarPerm extractEntry test/init.js
384 silly gunzTarPerm extractEntry test/assets/package-new/index.js
385 silly gunzTarPerm extractEntry test/assets/package-bootstrap/index.js
386 silly gunzTarPerm extractEntry test/assets/package-bootstrap/bower.json
387 silly gunzTarPerm extractEntry test/assets/package-complex-a1/bower.json
388 silly gunzTarPerm extractEntry test/assets/package-complex-a2/bower.json
389 silly gunzTarPerm extractEntry test/assets/package-complex-b/bower.json
390 silly gunzTarPerm extractEntry test/assets/package-complex-b1/bower.json
391 silly gunzTarPerm extractEntry test/assets/package-complex-c/bower.json
392 silly gunzTarPerm extractEntry test/assets/package-deps-on-jquery/bower.json
393 silly gunzTarPerm extractEntry test/assets/package-deps-on-jquery-old/bower.json
394 silly gunzTarPerm extractEntry test/assets/package-dev-dep/bower.json
395 silly gunzTarPerm extractEntry test/assets/package-empty-rc/.bowerrc
396 silly gunzTarPerm extractEntry test/assets/package-empty-rc/bower.json
397 silly gunzTarPerm extractEntry test/assets/package-empty-rc/foocomponent.json
398 silly gunzTarPerm extractEntry test/assets/package-existing-json/bower.json
399 silly gunzTarPerm extractEntry test/assets/package-ignorables/index.js
400 silly gunzTarPerm extractEntry test/assets/package-ignorables/.casey
401 silly gunzTarPerm extractEntry test/assets/package-ignorables/.hide/turtle-location.mdown
402 silly gunzTarPerm extractEntry test/assets/package-ignorables/bower.json
403 silly gunzTarPerm extractEntry test/assets/package-ignorables/config/.jshintrc
404 silly gunzTarPerm extractEntry test/assets/package-ignorables/don.txt
405 silly gunzTarPerm extractEntry test/assets/package-ignorables/leo.txt
406 silly gunzTarPerm extractEntry test/assets/package-ignorables/lib/april.txt
407 silly gunzTarPerm extractEntry test/assets/package-ignorables/names.txt
408 silly gunzTarPerm extractEntry test/assets/package-ignorables/test/shredder.js
409 silly gunzTarPerm extractEntry test/assets/package-ignorables/test/splinter.js
410 silly gunzTarPerm extractEntry test/assets/package-invalid-json/index.js
411 silly gunzTarPerm extractEntry test/assets/package-invalid-json/bower.json
412 silly gunzTarPerm extractEntry test/assets/package-jquery/foo.js
413 silly gunzTarPerm extractEntry test/assets/package-jquery/index.js
414 silly gunzTarPerm extractEntry test/assets/package-jquery/bower.json
415 silly gunzTarPerm extractEntry test/assets/package-jquery-copy/index.js
416 silly gunzTarPerm extractEntry test/assets/package-jquery-copy/bower.json
417 silly gunzTarPerm extractEntry test/assets/package-complex-a/bower.json
418 silly gunzTarPerm extractEntry test/assets/package-no-json/index.js
419 silly gunzTarPerm extractEntry test/assets/package-nonstandard-json/.bowerrc
420 silly gunzTarPerm extractEntry test/assets/package-nonstandard-json/foocomponent.json
421 silly gunzTarPerm extractEntry test/assets/package-nonstandard-json-copy/foocomponent.json
422 silly gunzTarPerm extractEntry test/assets/package-repo/README.md
423 silly gunzTarPerm extractEntry test/assets/package-repo/LICENSE
424 silly gunzTarPerm extractEntry test/assets/package-repo/spark-md5.js
425 silly gunzTarPerm extractEntry test/assets/package-repo/spark-md5.min.js
426 silly gunzTarPerm extractEntry test/assets/package-repo/.jshintrc
427 silly gunzTarPerm extractEntry test/assets/package-repo/git_repo/logs/HEAD
428 silly gunzTarPerm extractEntry test/assets/package-repo/git_repo/logs/refs/heads/master
429 silly gunzTarPerm extractEntry test/assets/package-repo/git_repo/logs/refs/remotes/origin/HEAD
430 silly gunzTarPerm extractEntry test/assets/package-repo/git_repo/logs/refs/remotes/origin/master
431 silly gunzTarPerm extractEntry test/assets/package-repo/git_repo/config
432 silly gunzTarPerm extractEntry test/assets/package-repo/git_repo/FETCH_HEAD
433 silly gunzTarPerm extractEntry test/assets/package-repo/git_repo/HEAD
434 silly gunzTarPerm extractEntry test/assets/package-repo/git_repo/hooks/applypatch-msg.sample
435 silly gunzTarPerm extractEntry test/assets/package-repo/git_repo/hooks/commit-msg.sample
436 silly gunzTarPerm extractEntry test/assets/package-repo/git_repo/hooks/post-commit.sample
437 silly gunzTarPerm extractEntry test/assets/package-repo/git_repo/hooks/post-receive.sample
438 silly gunzTarPerm extractEntry test/assets/package-repo/git_repo/hooks/post-update.sample
439 silly gunzTarPerm extractEntry test/assets/package-repo/git_repo/hooks/pre-applypatch.sample
440 silly gunzTarPerm extractEntry test/assets/package-repo/git_repo/hooks/pre-commit.sample
441 silly gunzTarPerm extractEntry test/assets/package-repo/git_repo/hooks/pre-rebase.sample
442 silly gunzTarPerm extractEntry test/assets/package-repo/git_repo/hooks/prepare-commit-msg.sample
443 silly gunzTarPerm extractEntry test/assets/package-repo/git_repo/hooks/update.sample
444 silly gunzTarPerm extractEntry test/assets/package-repo/git_repo/index
445 silly gunzTarPerm extractEntry test/assets/package-repo/git_repo/info/exclude
446 silly gunzTarPerm extractEntry test/assets/package-repo/git_repo/description
447 silly gunzTarPerm extractEntry test/assets/package-repo/git_repo/objects/8e/353e91e31d9d1e155e12bc29ca14af0afcbe06
448 silly gunzTarPerm extractEntry test/assets/package-repo/git_repo/objects/01/df57df1726b7a1a07e981c1ce316436a381e35
449 silly gunzTarPerm extractEntry test/assets/package-repo/git_repo/objects/14/42d7b7f77a570522883398e544ee78fdb1a30a
450 silly gunzTarPerm extractEntry test/assets/package-repo/git_repo/objects/1d/91729839ff499a8ace40628f65fafe9acfd043
451 silly gunzTarPerm extractEntry test/assets/package-repo/git_repo/objects/1d/cd807701aafabafb6cff8313b8becea7908a61
452 silly gunzTarPerm extractEntry test/assets/package-repo/git_repo/objects/20/42506f6dd1e6baed04bba341891dc3b7781a70
453 silly gunzTarPerm extractEntry test/assets/package-repo/git_repo/objects/32/3c26e45c06f688d1b00ee04a53ddafaf066d5e
454 silly gunzTarPerm extractEntry test/assets/package-repo/git_repo/objects/3f/84fca5dba20dfbff011c1ec87952892e7829b3
455 silly gunzTarPerm extractEntry test/assets/package-repo/git_repo/objects/48/7a6ae84da8e4a1ee95cf59c7df8ea436fabf4c
456 silly gunzTarPerm extractEntry test/assets/package-repo/git_repo/objects/4e/576c52cb630491ebcf62a77f5e81077c3be57e
457 silly gunzTarPerm extractEntry test/assets/package-repo/git_repo/objects/52/8f8e1553e2b03aee7ab6eb9216b3ed89061784
458 silly gunzTarPerm extractEntry test/assets/package-repo/git_repo/objects/68/9c63b3432aaece15106f8b2162619f982ec370
459 silly gunzTarPerm extractEntry test/assets/package-repo/git_repo/objects/69/bc69fdce113f9c1566aec1392bcc79d10d454b
460 silly gunzTarPerm extractEntry test/assets/package-repo/git_repo/objects/6c/1354ad5764e71a3bf30650013f0f0e9a897450
461 silly gunzTarPerm extractEntry test/assets/package-repo/git_repo/objects/75/7a3f84cfbf1fc94ce0c67d2f016690eb495bb5
462 silly gunzTarPerm extractEntry test/assets/package-repo/git_repo/objects/7a/0419da6bb16bbccf5e07f9bcd1754108ed9d1a
463 silly gunzTarPerm extractEntry test/assets/package-repo/git_repo/objects/80/95211f85d5038d6f2ee248a134cf7e7d28e123
464 silly gunzTarPerm extractEntry test/assets/package-repo/git_repo/objects/83/0e1eb1a47c76ecfd3c1df4ab1485dc8188cf3c
465 silly gunzTarPerm extractEntry test/assets/package-repo/git_repo/objects/88/259581b83fd9081b94deebf2a7632590f09f83
466 silly gunzTarPerm extractEntry test/assets/package-repo/git_repo/objects/8c/ffccc175240ac0346bd2171a0d25d7c6a88c5f
467 silly gunzTarPerm extractEntry test/assets/package-repo/git_repo/objects/0d/af124cc7163788c501f382461e45bd1de8e7ab
468 silly gunzTarPerm extractEntry test/assets/package-repo/git_repo/objects/90/ed234fb0708235a733bcae0e5b90bd4fac5321
469 silly gunzTarPerm extractEntry test/assets/package-repo/git_repo/objects/92/afeeb69adc7fd744bb4d6556dc3d7204cb71fa
470 silly gunzTarPerm extractEntry test/assets/package-repo/git_repo/objects/97/17b8c32f1c6acfbe3db68df8856a6630e4772d
471 silly gunzTarPerm extractEntry test/assets/package-repo/git_repo/objects/9c/7fa0117320c0c8b3f7d760143bad93c6e34b9d
472 silly gunzTarPerm extractEntry test/assets/package-repo/git_repo/objects/9e/1ea691c15d1fcbd4df08a43381e52c6b4b8f83
473 silly gunzTarPerm extractEntry test/assets/package-repo/git_repo/objects/a2/1a15efe0034e57f1455f55ca1cd7805e25adfd
474 silly gunzTarPerm extractEntry test/assets/package-repo/git_repo/objects/aa/77627e06564ada85565b7fee02d9c28047f35a
475 silly gunzTarPerm extractEntry test/assets/package-repo/git_repo/objects/bb/01907369ff7accc18d6ec5b17d231f4217ac2d
476 silly gunzTarPerm extractEntry test/assets/package-repo/git_repo/objects/be/9b0e2ca43b223ab14df61b868e95cb412c6faa
477 silly gunzTarPerm extractEntry test/assets/package-repo/git_repo/objects/bf/7794b69000bbaa6598c3f67cc70c6a51d6ca3d
478 silly gunzTarPerm extractEntry test/assets/package-repo/git_repo/objects/ca/dd0beb4df19711eb9ce432608504cc21beebf3
479 silly gunzTarPerm extractEntry test/assets/package-repo/git_repo/objects/d3/e127498b258d1827d03aa8980fc8db868352ad
480 silly gunzTarPerm extractEntry test/assets/package-repo/git_repo/objects/d7/bb417d109af63c5bcbd7f7484ddfa66f38af13
481 silly gunzTarPerm extractEntry test/assets/package-repo/git_repo/objects/ec/b67101368c505a6c23f1a1966d13c6aa66483f
482 silly gunzTarPerm extractEntry test/assets/package-repo/git_repo/objects/ee/947ec6a8a56f6c57d3fb48d10f8c104c66f4ce
483 silly gunzTarPerm extractEntry test/assets/package-repo/git_repo/objects/f2/4e11fa324ac703273a03f54c3d60d840e69e24
484 silly gunzTarPerm extractEntry test/assets/package-repo/git_repo/objects/f9/260e4e30eb5e9f7d08751c6348e90b505f8af0
485 silly gunzTarPerm extractEntry test/assets/package-repo/git_repo/objects/f9/3f2fb92626ffd5bb9a17b5e2b2642f2c70c014
486 silly gunzTarPerm extractEntry test/assets/package-repo/git_repo/objects/fb/18250b19f479c46a49a393a8f8f932ed083b55
487 silly gunzTarPerm extractEntry test/assets/package-repo/git_repo/objects/pack/pack-af6aba8bdcf0fc9c7b4a690e6e2976ed7bbb8521.idx
488 silly gunzTarPerm extractEntry test/assets/package-repo/git_repo/objects/pack/pack-af6aba8bdcf0fc9c7b4a690e6e2976ed7bbb8521.pack
489 silly gunzTarPerm extractEntry test/assets/package-repo/git_repo/ORIG_HEAD
490 silly gunzTarPerm extractEntry test/assets/package-repo/git_repo/packed-refs
491 silly gunzTarPerm extractEntry test/assets/package-repo/git_repo/refs/heads/master
492 silly gunzTarPerm extractEntry test/assets/package-repo/git_repo/refs/remotes/origin/HEAD
493 silly gunzTarPerm extractEntry test/assets/package-repo/git_repo/refs/remotes/origin/master
494 silly gunzTarPerm extractEntry test/assets/package-repo/git_repo/refs/tags/0.0.1
495 silly gunzTarPerm extractEntry test/assets/package-repo/git_repo/refs/tags/0.0.2
496 silly gunzTarPerm extractEntry test/assets/package-repo/git_repo/tortoisegit.data
497 silly gunzTarPerm extractEntry test/assets/package-repo/git_repo/tortoisegit.index
498 silly gunzTarPerm extractEntry test/assets/package-repo/test/file_reader.html
499 silly gunzTarPerm extractEntry test/assets/package-repo/test/index.html
500 silly gunzTarPerm extractEntry test/assets/package-zip-folder.zip
501 silly gunzTarPerm extractEntry test/assets/package-zip.zip
502 silly gunzTarPerm extractEntry test/assets/project/.npmignore
503 silly gunzTarPerm extractEntry test/assets/project/bower.json
504 silly gunzTarPerm extractEntry test/assets/project-complex-nest/bower.json
505 silly gunzTarPerm extractEntry test/assets/project-dev-deps/bower.json
506 silly gunzTarPerm extractEntry test/assets/project-nested/bower.json
507 silly gunzTarPerm extractEntry test/assets/project-nested-conflict/bower.json
508 silly gunzTarPerm extractEntry test/assets/project-new-deps/.npmignore
509 silly gunzTarPerm extractEntry test/assets/project-new-deps/bower.json
510 silly gunzTarPerm extractEntry test/assets/project-nonstandard-json/foocomponent.json
511 silly gunzTarPerm extractEntry test/assets/project-old/component.json
512 silly gunzTarPerm extractEntry test/assets/project-static/bower.json
513 silly gunzTarPerm extractEntry test/assets/sprockets/.npmignore
514 silly gunzTarPerm extractEntry test/assets/sprockets/assets/application.js
515 silly gunzTarPerm extractEntry test/assets/sprockets/bower.json
516 silly gunzTarPerm extractEntry test/assets/sprockets/Rakefile
517 verbose read json /Users/aayushiyer/.npm/bower/0.9.2/package/package.json
518 silly lockFile 6b44a996-yushiyer-npm-bower-0-9-2-package /Users/aayushiyer/.npm/bower/0.9.2/package
519 silly lockFile 6b44a996-yushiyer-npm-bower-0-9-2-package /Users/aayushiyer/.npm/bower/0.9.2/package
520 silly lockFile d4201c69-iyer-npm-bower-0-9-2-package-tgz /Users/aayushiyer/.npm/bower/0.9.2/package.tgz
521 silly lockFile d4201c69-iyer-npm-bower-0-9-2-package-tgz /Users/aayushiyer/.npm/bower/0.9.2/package.tgz
522 silly shasum updated bytes 40960
523 silly shasum updated bytes 40960
524 silly shasum updated bytes 40960
525 silly shasum updated bytes 40960
526 silly shasum updated bytes 13324
527 info shasum cafc6209502ca558b110fe6f30465143a469b7f3
527 info shasum /Users/aayushiyer/.npm/bower/0.9.2/package.tgz
528 verbose from cache /Users/aayushiyer/.npm/bower/0.9.2/package/package.json
529 verbose chmod /Users/aayushiyer/.npm/bower/0.9.2/package.tgz 644
530 verbose chown /Users/aayushiyer/.npm/bower/0.9.2/package.tgz [ 501, 20 ]
531 silly lockFile c146e148--npmjs-org-bower-bower-0-9-2-tgz https://registry.npmjs.org/bower/-/bower-0.9.2.tgz
532 silly lockFile c146e148--npmjs-org-bower-bower-0-9-2-tgz https://registry.npmjs.org/bower/-/bower-0.9.2.tgz
533 silly lockFile 890d62ee-bower-0-9-2 bower@0.9.2
534 silly lockFile 890d62ee-bower-0-9-2 bower@0.9.2
535 silly lockFile 1240aab1-bower bower@
536 silly lockFile 1240aab1-bower bower@
537 silly resolved [ { name: 'bower',
537 silly resolved     description: 'The browser package manager.',
537 silly resolved     version: '0.9.2',
537 silly resolved     author: { name: 'Twitter' },
537 silly resolved     licenses: [ [Object] ],
537 silly resolved     repository: { type: 'git', url: 'https://github.com/bower/bower' },
537 silly resolved     main: 'lib',
537 silly resolved     homepage: 'http://bower.io/',
537 silly resolved     engines: { node: '>=0.8.0' },
537 silly resolved     dependencies:
537 silly resolved      { abbrev: '~1.0.4',
537 silly resolved        archy: '~0.0.2',
537 silly resolved        async: '~0.2.5',
537 silly resolved        colors: '~0.6.0-1',
537 silly resolved        fstream: '~0.1.19',
537 silly resolved        glob: '~3.1.14',
537 silly resolved        'hogan.js': '~2.0.0',
537 silly resolved        lodash: '~1.0.1',
537 silly resolved        mkdirp: '~0.3.4',
537 silly resolved        nopt: '~2.0.0',
537 silly resolved        promptly: '~0.1.0',
537 silly resolved        rc: '~0.0.6',
537 silly resolved        'read-package-json': '~0.1.8',
537 silly resolved        request: '~2.11.4',
537 silly resolved        rimraf: '~2.0.3',
537 silly resolved        semver: '~1.1.0',
537 silly resolved        stable: '~0.1.2',
537 silly resolved        tar: '~0.1.13',
537 silly resolved        tmp: '~0.0.17',
537 silly resolved        unzip: '0.1.7',
537 silly resolved        'update-notifier': '~0.1.3' },
537 silly resolved     scripts: { test: 'mocha --reporter spec --timeout 40000' },
537 silly resolved     devDependencies: { mocha: '~1.8.1', nock: '~0.17.3' },
537 silly resolved     bin: { bower: 'bin/bower' },
537 silly resolved     preferGlobal: true,
537 silly resolved     readme: '# BOWER [![Build Status](https://secure.travis-ci.org/bower/bower.png?branch=master)](http://travis-ci.org/bower/bower)\n\nBower is a package manager for the web. It offers a generic, unopinionated\nsolution to the problem of **front-end package management**, while exposing the\npackage dependency model via an API that can be consumed by a more opinionated\nbuild stack. There are no system wide dependencies, no dependencies are shared\nbetween different apps, and the dependency tree is flat.\n\nBower runs over Git, and is package-agnostic. A packaged component can be made\nup of any type of asset, and use any type of transport (e.g., AMD, CommonJS,\netc.).\n\n[View all packages available through Bower\'s registry](http://sindresorhus.com/bower-components/).\n\n\n## Installing Bower\n\nBower depends on [Node](http://nodejs.org/) and [npm](http://npmjs.org/). It\'s\ninstalled globally using npm:\n\n```\nnpm install -g bower\n```\n\n\n## Usage\n\nMuch more information is available via `bower help` once it\'s installed. This\nis just enough to get you started.\n\n### Installing packages and dependencies\n\nBower offers several ways to install packages:\n\n```bash\n# Using the dependencies listed in the current directory\'s bower.json\nbower install\n# Using a local or remote package\nbower install <package>\n# Using a specific Git-tagged version from a remote package\nbower install <package>#<version>\n```\n\nWhere `<package>` can be any one of the following:\n\n* A name that maps to a package registered with Bower, e.g, `jquery`. ‡\n* A remote Git endpoint, e.g., `git://github.com/someone/some-package.git`. Can be\n  public or private. ‡\n* A local Git endpoint, i.e., a folder that\'s a Git repository. ‡\n* A shorthand endpoint, e.g., `someone/some-package` (defaults to GitHub). ‡\n* A URL to a file, including `zip` and `tar.gz` files. It\'s contents will be\n  extracted.\n\n‡ These types of `<package>` make Git tags available. You can specify a\n[semver](http://semver.org/) tag to fetch a specific release, and lock the\npackage to that version.\n\nAll package contents are installed in the `components` directory by default.\nYou should **never** directly modify the contents of this directory.\n\nUsing `bower list` will show all the packages that are installed locally.\n\n**N.B.** If you aren\'t authoring a package that is intended to be consumed by\nothers (e.g., you\'re building a web app), you should always check installed\npackages into source control.\n\n### Finding packages\n\nTo search for packages registered with Bower:\n\n```\nbower search [<name>]\n```\n\nUsing just `bower search` will list all packages in the registry.\n\n### Using packages\n\nThe easiest approach is to use Bower statically, just reference the package\'s\ninstalled components manually using a `script` tag:\n\n```html\n<script src="/bower_components/jquery/index.js"></script>\n```\n\nFor more complex projects, you\'ll probably want to concatenate your scripts or\nuse a module loader. Bower is just a package manager, but there are plenty of\nother tools -- such as [Sprockets](https://github.com/sstephenson/sprockets)\nand [RequireJS](http://requirejs.org/) -- that will help you do this.\n\n### Registering packages\n\nTo register a new package, there **must** be a valid manifest JSON in the\ncurrent working directory, your package **must** be available at a Git endpoint\n(e.g., GitHub), and it should use [semver](http://semver.org/) Git tags. Then\nrun:\n\n```\nbower register <my-package-name> <git-endpoint>\n```\n\nThe Bower registry does not have authentication or user management. It\'s on a\nfirst come, first served basis. Think of it like a URL shortener. Now anyone\ncan run `bower install <my-package-name>`, and get your library installed.\n\nThere is no direct way to unregister a package yet. For now, you can [request a\npackage be unregistered](https://github.com/bower/bower/issues/120).\n\n### Uninstalling packages\n\nTo uninstall a locally installed package:\n\n```\nbower uninstall <package-name>\n```\n\n\n## Configuration\n\nBower can be configured using JSON in a `.bowerrc` file.\n\nGlobal configuration is handled by creating a `.bowerrc` in your home directory\n(i.e., `~/.bowerrc`).  Local configuration is handled by creating a `.bowerrc`\nin your project\'s directory, allowing you to version a project-specific Bower\nconfiguration with the rest of your code base.\n\nBower will combine the local and global configurations (with local settings\ntaking precedence).\n\nThe `.bowerrc` defines several options:\n\n* `directory`: Set the default directory to install packaged components into.\n* `endpoint`: Set a custom registry endpoint.\n* `json`: Set the default JSON file for Bower to use when resolving dependencies.\n* `searchpath`: An array of additional URLs pointing to read-only Bower registries.\n* `shorthand_resolver`: Define a custom template for shorthand package names.\n\n```json\n{\n  "directory": "bower_components",\n  "endpoint": "https://bower.mycompany.com",\n  "json": "bower.json",\n  "searchpath": [\n    "https://bower.herokuapp.com"\n  ],\n  "shorthand_resolver": "git://example.com/{{{ organization }}}/{{{ package }}}.git"\n}\n```\n\nThe `searchpath` array is useful if your organization wishes to maintain a\nprivate registry of packages while also taking advantage of public Bower\nregistries. If a package is not found at your private endpoint, Bower will\nconsult the registries specified in the `searchpath` array.\n\nThe `shorthand_resolver` key provides support for defining a custom template\nwhich Bower uses when constructing a URL for a given shorthand. For example, if\na shorthand of `twitter/flight` or `twitter/flight#v1.0.0` is specified in the\npackage manifest, the following data can be referenced from within the\n`.bowerrc` as part of the `shorthand_resolver` template:\n\n* `endpoint`: `twitter/flight`\n* `organization`: `twitter`\n* `package`: `flight`\n\n**N.B.** To run your own Bower Endpoint for custom packages that are behind a\nfirewall, you can use a simple implementation of the [Bower\nServer](https://github.com/bower/bower-server).\n\n\n## Defining a package\n\nYou must create a JSON file -- `bower.json` by default -- in your project\'s\nroot, and specify all of its dependencies. This is similar to Node\'s\n`package.json`, or Ruby\'s `Gemfile`, and is useful for locking down a project\'s\ndependencies.\n\nYou can interactively create a `bower.json` with the following command:\n\n```\nbower init\n```\n\nThe `bower.json` defines several options:\n\n* `name` (required): The name of your package.\n* `version`: A semantic version number (see [semver](http://semver.org/)).\n* `main` [string|array]: The primary endpoints of your package.\n* `ignore` [array]: An array of paths not needed in production that you want\n  Bower to ignore when installing your package.\n* `dependencies` [hash]: Packages your package depends upon in production.\n* `devDependencies` [hash]: Development dependencies.\n\n```json\n{\n  "name": "my-project",\n  "version": "1.0.0",\n  "main": "path/to/main.css",\n  "ignore": [\n    ".jshintrc",\n    "**/*.txt"\n  ],\n  "dependencies": {\n    "<name>": "<version>",\n    "<name>": "<folder>",\n    "<name>": "<package>"\n  },\n  "devDependencies": {\n    "<test-framework-name>": "<version>"\n  }\n}\n```\n\n\n## Consuming a package\n\nBower also makes available a source mapping. This can be used by build tools to\neasily consume Bower packages.\n\nIf you pass the `--map` option to Bower\'s `list` command, it will generate JSON\nwith dependency objects. Alternatively, you can pass the `--paths` option to\nthe `list` command to get a simple path-to-name mapping:\n\n```json\n{\n  "backbone": "bower_components/backbone/index.js",\n  "jquery": "bower_components/jquery/index.js",\n  "underscore": "bower_components/underscore/index.js"\n}\n```\n\n\n## Programmatic API\n\nBower provides a powerful, programmatic API. All commands can be accessed\nthrough the `bower.commands` object.\n\n```js\nvar bower = require(\'bower\');\n\nbower.commands\n  .install(paths, options)\n  .on(\'end\', function (data) {\n    data && console.log(data);\n  });\n\nbower.commands\n  .search(\'jquery\', {})\n  .on(\'packages\', function(packages) {\n    // `packages` is a list of packages returned by searching for \'jquery\'\n  });\n```\n\nCommands emit four types of events: `data`, `end`, `result`, and `error`.\n\n`error` will only be emitted if something goes wrong. Not all commands emit all\nevents; for a detailed look, check out the code in `lib/commands`.\n\n`data` is typically a colorized string, ready to show to an end user. `search`\nand `lookup` emit `packages` and `package`, respectively. Those events contain\na JSON representation of the result of the command.\n\nFor a better of idea how this works, you may want to check out [our bin\nfile](https://github.com/bower/bower/blob/master/bin/bower).\n\nFor the install command, there is an additional `package` event that is emitted\nfor each installed/uninstalled package.\n\n\n## Completion (experimental)\n\nBower now has an experimental `completion` command that is based on, and works\nsimilarly to the [npm completion](https://npmjs.org/doc/completion.html). It is\nnot available for Windows users.\n\nThis command will output a Bash / ZSH script to put into your `~/.bashrc`,\n`~/.bash_profile`, or `~/.zshrc` file.\n\n```\nbower completion >> ~/.bash_profile\n```\n\n\n## A note for Windows users\n\nTo use Bower on Windows, you must install\n[msysgit](http://code.google.com/p/msysgit/) correctly. Be sure to check the\noption shown below:\n\n![msysgit](http://f.cl.ly/items/2V2O3i1p3R2F1r2v0a12/mysgit.png)\n\nNote that if you use TortoiseGit and if Bower keeps asking for your SSH\npassword, you should add the following environment variable: `GIT_SSH -\nC:\\Program Files\\TortoiseGit\\bin\\TortoisePlink.exe`. Adjust the `TortoisePlink`\npath if needed.\n\n\n## Contact\n\nHave a question?\n\n* [StackOverflow](http://stackoverflow.com/questions/tagged/bower)\n* [Mailinglist](http://groups.google.com/group/twitter-bower) - twitter-bower@googlegroups.com\n* [\\#bower](http://webchat.freenode.net/?channels=bower) on Freenode\n\n\n## Contributing to this project\n\nAnyone and everyone is welcome to contribute. Please take a moment to\nreview the [guidelines for contributing](CONTRIBUTING.md).\n\n* [Bug reports](CONTRIBUTING.md#bugs)\n* [Feature requests](CONTRIBUTING.md#features)\n* [Pull requests](CONTRIBUTING.md#pull-requests)\n\n\n## Authors\n\n* [@fat](https://github.com/fat)\n* [@maccman](https://github.com/maccman)\n* [@satazor](https://github.com/satazor)\n\nThanks for assistance and contributions:\n\n* [@addyosmani](https://github.com/addyosmani)\n* [@angus-c](https://github.com/angus-c)\n* [@borismus](https://github.com/borismus)\n* [@carsonmcdonald](https://github/@carsonmcdonald)\n* [@chriseppstein](https://github.com/chriseppstein)\n* [@danwrong](https://github.com/danwrong)\n* [@desandro](https://github.com/desandro)\n* [@hemanth](https://github.com/hemanth)\n* [@isaacs](https://github.com/isaacs)\n* [@josh](https://github.com/josh)\n* [@jrburke](https://github.com/jrburke)\n* [@marcelombc](https://github.com/marcelombc)\n* [@mklabs](https://github.com/mklabs)\n* [@paulirish](https://github.com/paulirish)\n* [@richo](https://github.com/richo)\n* [@rvagg](https://github.com/rvagg)\n* [@sindresorhus](https://github.com/sindresorhus)\n* [@SlexAxton](https://github.com/SlexAxton)\n* [@sstephenson](https://github.com/sstephenson)\n* [@tomdale](https://github.com/tomdale)\n* [@uzquiano](https://github.com/uzquiano)\n* [@visionmedia](https://github.com/visionmedia)\n* [@wagenet](https://github.com/wagenet)\n* [@wibblymat](https://github.com/wibblymat)\n* [@wycats](https://github.com/wycats)\n\n\n## License\n\nCopyright 2012 Twitter, Inc.\n\nLicensed under the MIT License\n',
537 silly resolved     readmeFilename: 'README.md',
537 silly resolved     _id: 'bower@0.9.2',
537 silly resolved     dist: { shasum: 'cafc6209502ca558b110fe6f30465143a469b7f3' },
537 silly resolved     _from: 'bower@',
537 silly resolved     _resolved: 'https://registry.npmjs.org/bower/-/bower-0.9.2.tgz' } ]
538 info install bower@0.9.2 into /usr/local/lib
539 info installOne bower@0.9.2
540 verbose from cache /Users/aayushiyer/.npm/bower/0.9.2/package/package.json
541 info /usr/local/lib/node_modules/bower unbuild
542 verbose read json /usr/local/lib/node_modules/bower/package.json
543 verbose tar unpack /Users/aayushiyer/.npm/bower/0.9.2/package.tgz
544 silly lockFile e8debc54-usr-local-lib-node-modules-bower /usr/local/lib/node_modules/bower
545 verbose lock /usr/local/lib/node_modules/bower /Users/aayushiyer/.npm/e8debc54-usr-local-lib-node-modules-bower.lock
546 silly lockFile d4201c69-iyer-npm-bower-0-9-2-package-tgz /Users/aayushiyer/.npm/bower/0.9.2/package.tgz
547 verbose lock /Users/aayushiyer/.npm/bower/0.9.2/package.tgz /Users/aayushiyer/.npm/d4201c69-iyer-npm-bower-0-9-2-package-tgz.lock
548 silly gunzTarPerm modes [ '755', '644' ]
549 error Error: EACCES, mkdir '/usr/local/lib/node_modules/bower'
549 error  { [Error: EACCES, mkdir '/usr/local/lib/node_modules/bower']
549 error   errno: 3,
549 error   code: 'EACCES',
549 error   path: '/usr/local/lib/node_modules/bower',
549 error   fstream_type: 'Directory',
549 error   fstream_path: '/usr/local/lib/node_modules/bower',
549 error   fstream_class: 'DirWriter',
549 error   fstream_stack:
549 error    [ 'DirWriter._create (/usr/local/lib/node_modules/npm/node_modules/fstream/lib/dir-writer.js:36:23)',
549 error      '/usr/local/lib/node_modules/npm/node_modules/mkdirp/index.js:37:53',
549 error      'Object.oncomplete (fs.js:297:15)' ] }
550 error Please try running this command again as root/Administrator.
551 error System Darwin 11.4.2
552 error command "node" "/usr/local/bin/npm" "install" "-g" "bower"
553 error cwd /Users/aayushiyer/Dev/aayushis
554 error node -v v0.8.19
555 error npm -v 1.2.10
556 error path /usr/local/lib/node_modules/bower
557 error fstream_path /usr/local/lib/node_modules/bower
558 error fstream_type Directory
559 error fstream_class DirWriter
560 error code EACCES
561 error errno 3
562 error stack Error: EACCES, mkdir '/usr/local/lib/node_modules/bower'
563 error fstream_stack DirWriter._create (/usr/local/lib/node_modules/npm/node_modules/fstream/lib/dir-writer.js:36:23)
563 error fstream_stack /usr/local/lib/node_modules/npm/node_modules/mkdirp/index.js:37:53
563 error fstream_stack Object.oncomplete (fs.js:297:15)
564 verbose exit [ 3, true ]
